abababaababababbbbababbbababababababbabbabababbababababab
bbababaababababbbbababbbababababababbabbabababbababababab
bbbbabaababababbbbababbbababababababbabbabababbababababab
bbbbbbaababababbbbababbbababababababbabbabababbababababab
bbbbbbbababababbbbababbbababababababbabbabababbababababab
bbbbbbbbbabababbbbababbbababababababbabbabababbababababab
bbbbbbbbbbbababbbbababbbababababababbabbabababbababababab
bbbbbbbbbbbbbabbbbababbbababababababbabbabababbababababab
bbbbbbbbbbbbbbbbbbababbbababababababbabbabababbababababab
bbbbbbbbbbbbbbbbbbbbabbbababababababbabbabababbababababab
bbbbbbbbbbbbbbbbbbbbbbbbababababababbabbabababbababababab
bbbbbbbbbbbbbbbbbbbbbbbbbbabababababbabbabababbababababab
bbbbbbbbbbbbbbbbbbbbbbbbbbbbababababbabbabababbababababab
bbbbbbbbbbbbbbbbbbbbbbbbbbbbbbabababbabbabababbababababab
bbbbbbbbbbbbbbbbbbbbbbbbbbbbbbbbababbabbabababbababababab
bbbbbbbbbbbbbbbbbbbbbbbbbbbbbbbbbbabbabbabababbababababab
bbbbbbbbbbbbbbbbbbbbbbbbbbbbbbbbbbbbbabbabababbababababab
bbbbbbbbbbbbbbbbbbbbbbbbbbbbbbbbbbbbbbbbabababbababababab
bbbbbbbbbbbbbbbbbbbbbbbbbbbbbbbbbbbbbbbbbbababbababababab
bbbbbbbbbbbbbbbbbbbbbbbbbbbbbbbbbbbbbbbbbbbbabbababababab
bbbbbbbbbbbbbbbbbbbbbbbbbbbbbbbbbbbbbbbbbbbbbbbababababab
bbbbbbbbbbbbbbbbbbbbbbbbbbbbbbbbbbbbbbbbbbbbbbbbbabababab
bbbbbbbbbbbbbbbbbbbbbbbbbbbbbbbbbbbbbbbbbbbbbbbbbbbababab
bbbbbbbbbbbbbbbbbbbbbbbbbbbbbbbbbbbbbbbbbbbbbbbbbbbbbabab
bbbbbbbbbbbbbbbbbbbbbbbbbbbbbbbbbbbbbbbbbbbbbbbbbbbbbbbab
bbbbbbbbbbbbbbbbbbbbbbbbbbbbbbbbbbbbbbbbbbbbbbbbbbbbbbbbb