abacbabaababacbabbbbabcabbbabcabacbabaababacbabbbbabcabbbabc
aabcbabaababacbabbbbabcabbbabcabacbabaababacbabbbbabcabbbabc
aabcabbaababacbabbbbabcabbbabcabacbabaababacbabbbbabcabbbabc
aabcababababacbabbbbabcabbbabcabacbabaababacbabbbbabcabbbabc
aabcaabbababacbabbbbabcabbbabcabacbabaababacbabbbbabcabbbabc
aabcaababbabacbabbbbabcabbbabcabacbabaababacbabbbbabcabbbabc
aabcaaabbbabacbabbbbabcabbbabcabacbabaababacbabbbbabcabbbabc
aabcaaabbabbacbabbbbabcabbbabcabacbabaababacbabbbbabcabbbabc
aabcaaababbbacbabbbbabcabbbabcabacbabaababacbabbbbabcabbbabc
aabcaaaabbbbacbabbbbabcabbbabcabacbabaababacbabbbbabcabbbabc
aabcaaaabbbabcbabbbbabcabbbabcabacbabaababacbabbbbabcabbbabc
aabcaaaabbabbcbabbbbabcabbbabcabacbabaababacbabbbbabcabbbabc
aabcaaaababbbcbabbbbabcabbbabcabacbabaababacbabbbbabcabbbabc
aabcaaaaabbbbcbabbbbabcabbbabcabacbabaababacbabbbbabcabbbabc
aabcaaaaabbbbcabbbbbabcabbbabcabacbabaababacbabbbbabcabbbabc
aabcaaaaabbbbcabbbbabbcabbbabcabacbabaababacbabbbbabcabbbabc
aabcaaaaabbbbcabbbabbbcabbbabcabacbabaababacbabbbbabcabbbabc
aabcaaaaabbbbcabbabbbbcabbbabcabacbabaababacbabbbbabcabbbabc
aabcaaaaabbbbcababbbbbcabbbabcabacbabaababacbabbbbabcabbbabc
aabcaaaaabbbbcaabbbbbbcabbbabcabacbabaababacbabbbbabcabbbabc
aabcaaaaabbbbcaabbbbbbcabbabbcabacbabaababacbabbbbabcabbbabc
aabcaaaaabbbbcaabbbbbbcababbbcabacbabaababacbabbbbabcabbbabc
aabcaaaaabbbbcaabbbbbbcaabbbbcabacbabaababacbabbbbabcabbbabc
aabcaaaaabbbbcaabbbbbbcaabbbbcaabcbabaababacbabbbbabcabbbabc
aabcaaaaabbbbcaabbbbbbcaabbbbcaabcabbaababacbabbbbabcabbbabc
aabcaaaaabbbbcaabbbbbbcaabbbbcaabcababababacbabbbbabcabbbabc
aabcaaaaabbbbcaabbbbbbcaabbbbcaabcaabbababacbabbbbabcabbbabc
aabcaaaaabbbbcaabbbbbbcaabbbbcaabcaababbabacbabbbbabcabbbabc
aabcaaaaabbbbcaabbbbbbcaabbbbcaabcaaabbbabacbabbbbabcabbbabc
aabcaaaaabbbbcaabbbbbbcaabbbbcaabcaaabbabbacbabbbbabcabbbabc
aabcaaaaabbbbcaabbbbbbcaabbbbcaabcaaababbbacbabbbbabcabbbabc
aabcaaaaabbbbcaabbbbbbcaabbbbcaabcaaaabbbbacbabbbbabcabbbabc
aabcaaaaabbbbcaabbbbbbcaabbbbcaabcaaaabbbabcbabbbbabcabbbabc
aabcaaaaabbbbcaabbbbbbcaabbbbcaabcaaaabbabbcbabbbbabcabbbabc
aabcaaaaabbbbcaabbbbbbcaabbbbcaabcaaaababbbcbabbbbabcabbbabc
aabcaaaaabbbbcaabbbbbbcaabbbbcaabcaaaaabbbbcbabbbbabcabbbabc
aabcaaaaabbbbcaabbbbbbcaabbbbcaabcaaaaabbbbcabbbbbabcabbbabc
aabcaaaaabbbbcaabbbbbbcaabbbbcaabcaaaaabbbbcabbbbabbcabbbabc
aabcaaaaabbbbcaabbbbbbcaabbbbcaabcaaaaabbbbcabbbabbbcabbbabc
aabcaaaaabbbbcaabbbbbbcaabbbbcaabcaaaaabbbbcabbabbbbcabbbabc
aabcaaaaabbbbcaabbbbbbcaabbbbcaabcaaaaabbbbcababbbbbcabbbabc
aabcaaaaabbbbcaabbbbbbcaabbbbcaabcaaaaabbbbcaabbbbbbcabbbabc
aabcaaaaabbbbcaabbbbbbcaabbbbcaabcaaaaabbbbcaabbbbbbcabbabbc
aabcaaaaabbbbcaabbbbbbcaabbbbcaabcaaaaabbbbcaabbbbbbcababbbc
aabcaaaaabbbbcaabbbbbbcaabbbbcaabcaaaaabbbbcaabbbbbbcaabbbbc
aabacaaaabbbbcaabbbbbbcaabbbbcaabcaaaaabbbbcaabbbbbbcaabbbbc
aaabcaaaabbbbcaabbbbbbcaabbbbcaabcaaaaabbbbcaabbbbbbcaabbbbc
aaabacaaabbbbcaabbbbbbcaabbbbcaabcaaaaabbbbcaabbbbbbcaabbbbc
aaaabcaaabbbbcaabbbbbbcaabbbbcaabcaaaaabbbbcaabbbbbbcaabbbbc
aaaabacaabbbbcaabbbbbbcaabbbbcaabcaaaaabbbbcaabbbbbbcaabbbbc
aaaaabcaabbbbcaabbbbbbcaabbbbcaabcaaaaabbbbcaabbbbbbcaabbbbc
aaaaabacabbbbcaabbbbbbcaabbbbcaabcaaaaabbbbcaabbbbbbcaabbbbc
aaaaaabcabbbbcaabbbbbbcaabbbbcaabcaaaaabbbbcaabbbbbbcaabbbbc
aaaaaabacbbbbcaabbbbbbcaabbbbcaabcaaaaabbbbcaabbbbbbcaabbbbc
aaaaaaabcbbbbcaabbbbbbcaabbbbcaabcaaaaabbbbcaabbbbbbcaabbbbc
aaaaaaabcbbbbacabbbbbbcaabbbbcaabcaaaaabbbbcaabbbbbbcaabbbbc
aaaaaaabcbbbabcabbbbbbcaabbbbcaabcaaaaabbbbcaabbbbbbcaabbbbc
aaaaaaabcbbabbcabbbbbbcaabbbbcaabcaaaaabbbbcaabbbbbbcaabbbbc
aaaaaaabcbabbbcabbbbbbcaabbbbcaabcaaaaabbbbcaabbbbbbcaabbbbc
aaaaaaabcabbbbcabbbbbbcaabbbbcaabcaaaaabbbbcaabbbbbbcaabbbbc
aaaaaaabacbbbbcabbbbbbcaabbbbcaabcaaaaabbbbcaabbbbbbcaabbbbc
aaaaaaaabcbbbbcabbbbbbcaabbbbcaabcaaaaabbbbcaabbbbbbcaabbbbc
aaaaaaaabcbbbbacbbbbbbcaabbbbcaabcaaaaabbbbcaabbbbbbcaabbbbc
aaaaaaaabcbbbabcbbbbbbcaabbbbcaabcaaaaabbbbcaabbbbbbcaabbbbc
aaaaaaaabcbbabbcbbbbbbcaabbbbcaabcaaaaabbbbcaabbbbbbcaabbbbc
aaaaaaaabcbabbbcbbbbbbcaabbbbcaabcaaaaabbbbcaabbbbbbcaabbbbc
aaaaaaaabcabbbbcbbbbbbcaabbbbcaabcaaaaabbbbcaabbbbbbcaabbbbc
aaaaaaaabacbbbbcbbbbbbcaabbbbcaabcaaaaabbbbcaabbbbbbcaabbbbc
aaaaaaaaabcbbbbcbbbbbbcaabbbbcaabcaaaaabbbbcaabbbbbbcaabbbbc
aaaaaaaaabcbbbbcbbbbbbacabbbbcaabcaaaaabbbbcaabbbbbbcaabbbbc
aaaaaaaaabcbbbbcbbbbbabcabbbbcaabcaaaaabbbbcaabbbbbbcaabbbbc
aaaaaaaaabcbbbbcbbbbabbcabbbbcaabcaaaaabbbbcaabbbbbbcaabbbbc
aaaaaaaaabcbbbbcbbbabbbcabbbbcaabcaaaaabbbbcaabbbbbbcaabbbbc
aaaaaaaaabcbbbbcbbabbbbcabbbbcaabcaaaaabbbbcaabbbbbbcaabbbbc
aaaaaaaaabcbbbbcbabbbbbcabbbbcaabcaaaaabbbbcaabbbbbbcaabbbbc
aaaaaaaaabcbbbbcabbbbbbcabbbbcaabcaaaaabbbbcaabbbbbbcaabbbbc
aaaaaaaaabcbbbbacbbbbbbcabbbbcaabcaaaaabbbbcaabbbbbbcaabbbbc
aaaaaaaaabcbbbabcbbbbbbcabbbbcaabcaaaaabbbbcaabbbbbbcaabbbbc
aaaaaaaaabcbbabbcbbbbbbcabbbbcaabcaaaaabbbbcaabbbbbbcaabbbbc
aaaaaaaaabcbabbbcbbbbbbcabbbbcaabcaaaaabbbbcaabbbbbbcaabbbbc
aaaaaaaaabcabbbbcbbbbbbcabbbbcaabcaaaaabbbbcaabbbbbbcaabbbbc
aaaaaaaaabacbbbbcbbbbbbcabbbbcaabcaaaaabbbbcaabbbbbbcaabbbbc
aaaaaaaaaabcbbbbcbbbbbbcabbbbcaabcaaaaabbbbcaabbbbbbcaabbbbc
aaaaaaaaaabcbbbbcbbbbbbacbbbbcaabcaaaaabbbbcaabbbbbbcaabbbbc
aaaaaaaaaabcbbbbcbbbbbabcbbbbcaabcaaaaabbbbcaabbbbbbcaabbbbc
aaaaaaaaaabcbbbbcbbbbabbcbbbbcaabcaaaaabbbbcaabbbbbbcaabbbbc
aaaaaaaaaabcbbbbcbbbabbbcbbbbcaabcaaaaabbbbcaabbbbbbcaabbbbc
aaaaaaaaaabcbbbbcbbabbbbcbbbbcaabcaaaaabbbbcaabbbbbbcaabbbbc
aaaaaaaaaabcbbbbcbabbbbbcbbbbcaabcaaaaabbbbcaabbbbbbcaabbbbc
aaaaaaaaaabcbbbbcabbbbbbcbbbbcaabcaaaaabbbbcaabbbbbbcaabbbbc
aaaaaaaaaabcbbbbacbbbbbbcbbbbcaabcaaaaabbbbcaabbbbbbcaabbbbc
aaaaaaaaaabcbbbabcbbbbbbcbbbbcaabcaaaaabbbbcaabbbbbbcaabbbbc
aaaaaaaaaabcbbabbcbbbbbbcbbbbcaabcaaaaabbbbcaabbbbbbcaabbbbc
aaaaaaaaaabcbabbbcbbbbbbcbbbbcaabcaaaaabbbbcaabbbbbbcaabbbbc
aaaaaaaaaabcabbbbcbbbbbbcbbbbcaabcaaaaabbbbcaabbbbbbcaabbbbc
aaaaaaaaaabacbbbbcbbbbbbcbbbbcaabcaaaaabbbbcaabbbbbbcaabbbbc
aaaaaaaaaaabcbbbbcbbbbbbcbbbbcaabcaaaaabbbbcaabbbbbbcaabbbbc
aaaaaaaaaaabcbbbbcbbbbbbcbbbbacabcaaaaabbbbcaabbbbbbcaabbbbc
aaaaaaaaaaabcbbbbcbbbbbbcbbbabcabcaaaaabbbbcaabbbbbbcaabbbbc
aaaaaaaaaaabcbbbbcbbbbbbcbbabbcabcaaaaabbbbcaabbbbbbcaabbbbc
aaaaaaaaaaabcbbbbcbbbbbbcbabbbcabcaaaaabbbbcaabbbbbbcaabbbbc
aaaaaaaaaaabcbbbbcbbbbbbcabbbbcabcaaaaabbbbcaabbbbbbcaabbbbc
aaaaaaaaaaabcbbbbcbbbbbbacbbbbcabcaaaaabbbbcaabbbbbbcaabbbbc
aaaaaaaaaaabcbbbbcbbbbbabcbbbbcabcaaaaabbbbcaabbbbbbcaabbbbc
aaaaaaaaaaabcbbbbcbbbbabbcbbbbcabcaaaaabbbbcaabbbbbbcaabbbbc
aaaaaaaaaaabcbbbbcbbbabbbcbbbbcabcaaaaabbbbcaabbbbbbcaabbbbc
aaaaaaaaaaabcbbbbcbbabbbbcbbbbcabcaaaaabbbbcaabbbbbbcaabbbbc
aaaaaaaaaaabcbbbbcbabbbbbcbbbbcabcaaaaabbbbcaabbbbbbcaabbbbc
aaaaaaaaaaabcbbbbcabbbbbbcbbbbcabcaaaaabbbbcaabbbbbbcaabbbbc
aaaaaaaaaaabcbbbbacbbbbbbcbbbbcabcaaaaabbbbcaabbbbbbcaabbbbc
aaaaaaaaaaabcbbbabcbbbbbbcbbbbcabcaaaaabbbbcaabbbbbbcaabbbbc
aaaaaaaaaaabcbbabbcbbbbbbcbbbbcabcaaaaabbbbcaabbbbbbcaabbbbc
aaaaaaaaaaabcbabbbcbbbbbbcbbbbcabcaaaaabbbbcaabbbbbbcaabbbbc
aaaaaaaaaaabcabbbbcbbbbbbcbbbbcabcaaaaabbbbcaabbbbbbcaabbbbc
aaaaaaaaaaabacbbbbcbbbbbbcbbbbcabcaaaaabbbbcaabbbbbbcaabbbbc
aaaaaaaaaaaabcbbbbcbbbbbbcbbbbcabcaaaaabbbbcaabbbbbbcaabbbbc
aaaaaaaaaaaabcbbbbcbbbbbbcbbbbacbcaaaaabbbbcaabbbbbbcaabbbbc
aaaaaaaaaaaabcbbbbcbbbbbbcbbbabcbcaaaaabbbbcaabbbbbbcaabbbbc
aaaaaaaaaaaabcbbbbcbbbbbbcbbabbcbcaaaaabbbbcaabbbbbbcaabbbbc
aaaaaaaaaaaabcbbbbcbbbbbbcbabbbcbcaaaaabbbbcaabbbbbbcaabbbbc
aaaaaaaaaaaabcbbbbcbbbbbbcabbbbcbcaaaaabbbbcaabbbbbbcaabbbbc
aaaaaaaaaaaabcbbbbcbbbbbbacbbbbcbcaaaaabbbbcaabbbbbbcaabbbbc
aaaaaaaaaaaabcbbbbcbbbbbabcbbbbcbcaaaaabbbbcaabbbbbbcaabbbbc
aaaaaaaaaaaabcbbbbcbbbbabbcbbbbcbcaaaaabbbbcaabbbbbbcaabbbbc
aaaaaaaaaaaabcbbbbcbbbabbbcbbbbcbcaaaaabbbbcaabbbbbbcaabbbbc
aaaaaaaaaaaabcbbbbcbbabbbbcbbbbcbcaaaaabbbbcaabbbbbbcaabbbbc
aaaaaaaaaaaabcbbbbcbabbbbbcbbbbcbcaaaaabbbbcaabbbbbbcaabbbbc
aaaaaaaaaaaabcbbbbcabbbbbbcbbbbcbcaaaaabbbbcaabbbbbbcaabbbbc
aaaaaaaaaaaabcbbbbacbbbbbbcbbbbcbcaaaaabbbbcaabbbbbbcaabbbbc
aaaaaaaaaaaabcbbbabcbbbbbbcbbbbcbcaaaaabbbbcaabbbbbbcaabbbbc
aaaaaaaaaaaabcbbabbcbbbbbbcbbbbcbcaaaaabbbbcaabbbbbbcaabbbbc
aaaaaaaaaaaabcbabbbcbbbbbbcbbbbcbcaaaaabbbbcaabbbbbbcaabbbbc
aaaaaaaaaaaabcabbbbcbbbbbbcbbbbcbcaaaaabbbbcaabbbbbbcaabbbbc
aaaaaaaaaaaabacbbbbcbbbbbbcbbbbcbcaaaaabbbbcaabbbbbbcaabbbbc
aaaaaaaaaaaaabcbbbbcbbbbbbcbbbbcbcaaaaabbbbcaabbbbbbcaabbbbc
aaaaaaaaaaaaabcbbbbcbbbbbbcbbbbcbacaaaabbbbcaabbbbbbcaabbbbc
aaaaaaaaaaaaabcbbbbcbbbbbbcbbbbcabcaaaabbbbcaabbbbbbcaabbbbc
aaaaaaaaaaaaabcbbbbcbbbbbbcbbbbacbcaaaabbbbcaabbbbbbcaabbbbc
aaaaaaaaaaaaabcbbbbcbbbbbbcbbbabcbcaaaabbbbcaabbbbbbcaabbbbc
aaaaaaaaaaaaabcbbbbcbbbbbbcbbabbcbcaaaabbbbcaabbbbbbcaabbbbc
aaaaaaaaaaaaabcbbbbcbbbbbbcbabbbcbcaaaabbbbcaabbbbbbcaabbbbc
aaaaaaaaaaaaabcbbbbcbbbbbbcabbbbcbcaaaabbbbcaabbbbbbcaabbbbc
aaaaaaaaaaaaabcbbbbcbbbbbbacbbbbcbcaaaabbbbcaabbbbbbcaabbbbc
aaaaaaaaaaaaabcbbbbcbbbbbabcbbbbcbcaaaabbbbcaabbbbbbcaabbbbc
aaaaaaaaaaaaabcbbbbcbbbbabbcbbbbcbcaaaabbbbcaabbbbbbcaabbbbc
aaaaaaaaaaaaabcbbbbcbbbabbbcbbbbcbcaaaabbbbcaabbbbbbcaabbbbc
aaaaaaaaaaaaabcbbbbcbbabbbbcbbbbcbcaaaabbbbcaabbbbbbcaabbbbc
aaaaaaaaaaaaabcbbbbcbabbbbbcbbbbcbcaaaabbbbcaabbbbbbcaabbbbc
aaaaaaaaaaaaabcbbbbcabbbbbbcbbbbcbcaaaabbbbcaabbbbbbcaabbbbc
aaaaaaaaaaaaabcbbbbacbbbbbbcbbbbcbcaaaabbbbcaabbbbbbcaabbbbc
aaaaaaaaaaaaabcbbbabcbbbbbbcbbbbcbcaaaabbbbcaabbbbbbcaabbbbc
aaaaaaaaaaaaabcbbabbcbbbbbbcbbbbcbcaaaabbbbcaabbbbbbcaabbbbc
aaaaaaaaaaaaabcbabbbcbbbbbbcbbbbcbcaaaabbbbcaabbbbbbcaabbbbc
aaaaaaaaaaaaabcabbbbcbbbbbbcbbbbcbcaaaabbbbcaabbbbbbcaabbbbc
aaaaaaaaaaaaabacbbbbcbbbbbbcbbbbcbcaaaabbbbcaabbbbbbcaabbbbc
aaaaaaaaaaaaaabcbbbbcbbbbbbcbbbbcbcaaaabbbbcaabbbbbbcaabbbbc
aaaaaaaaaaaaaabcbbbbcbbbbbbcbbbbcbacaaabbbbcaabbbbbbcaabbbbc
aaaaaaaaaaaaaabcbbbbcbbbbbbcbbbbcabcaaabbbbcaabbbbbbcaabbbbc
aaaaaaaaaaaaaabcbbbbcbbbbbbcbbbbacbcaaabbbbcaabbbbbbcaabbbbc
aaaaaaaaaaaaaabcbbbbcbbbbbbcbbbabcbcaaabbbbcaabbbbbbcaabbbbc
aaaaaaaaaaaaaabcbbbbcbbbbbbcbbabbcbcaaabbbbcaabbbbbbcaabbbbc
aaaaaaaaaaaaaabcbbbbcbbbbbbcbabbbcbcaaabbbbcaabbbbbbcaabbbbc
aaaaaaaaaaaaaabcbbbbcbbbbbbcabbbbcbcaaabbbbcaabbbbbbcaabbbbc
aaaaaaaaaaaaaabcbbbbcbbbbbbacbbbbcbcaaabbbbcaabbbbbbcaabbbbc
aaaaaaaaaaaaaabcbbbbcbbbbbabcbbbbcbcaaabbbbcaabbbbbbcaabbbbc
aaaaaaaaaaaaaabcbbbbcbbbbabbcbbbbcbcaaabbbbcaabbbbbbcaabbbbc
aaaaaaaaaaaaaabcbbbbcbbbabbbcbbbbcbcaaabbbbcaabbbbbbcaabbbbc
aaaaaaaaaaaaaabcbbbbcbbabbbbcbbbbcbcaaabbbbcaabbbbbbcaabbbbc
aaaaaaaaaaaaaabcbbbbcbabbbbbcbbbbcbcaaabbbbcaabbbbbbcaabbbbc
aaaaaaaaaaaaaabcbbbbcabbbbbbcbbbbcbcaaabbbbcaabbbbbbcaabbbbc
aaaaaaaaaaaaaabcbbbbacbbbbbbcbbbbcbcaaabbbbcaabbbbbbcaabbbbc
aaaaaaaaaaaaaabcbbbabcbbbbbbcbbbbcbcaaabbbbcaabbbbbbcaabbbbc
aaaaaaaaaaaaaabcbbabbcbbbbbbcbbbbcbcaaabbbbcaabbbbbbcaabbbbc
aaaaaaaaaaaaaabcbabbbcbbbbbbcbbbbcbcaaabbbbcaabbbbbbcaabbbbc
aaaaaaaaaaaaaabcabbbbcbbbbbbcbbbbcbcaaabbbbcaabbbbbbcaabbbbc
aaaaaaaaaaaaaabacbbbbcbbbbbbcbbbbcbcaaabbbbcaabbbbbbcaabbbbc
aaaaaaaaaaaaaaabcbbbbcbbbbbbcbbbbcbcaaabbbbcaabbbbbbcaabbbbc
aaaaaaaaaaaaaaabcbbbbcbbbbbbcbbbbcbacaabbbbcaabbbbbbcaabbbbc
aaaaaaaaaaaaaaabcbbbbcbbbbbbcbbbbcabcaabbbbcaabbbbbbcaabbbbc
aaaaaaaaaaaaaaabcbbbbcbbbbbbcbbbbacbcaabbbbcaabbbbbbcaabbbbc
aaaaaaaaaaaaaaabcbbbbcbbbbbbcbbbabcbcaabbbbcaabbbbbbcaabbbbc
aaaaaaaaaaaaaaabcbbbbcbbbbbbcbbabbcbcaabbbbcaabbbbbbcaabbbbc
aaaaaaaaaaaaaaabcbbbbcbbbbbbcbabbbcbcaabbbbcaabbbbbbcaabbbbc
aaaaaaaaaaaaaaabcbbbbcbbbbbbcabbbbcbcaabbbbcaabbbbbbcaabbbbc
aaaaaaaaaaaaaaabcbbbbcbbbbbbacbbbbcbcaabbbbcaabbbbbbcaabbbbc
aaaaaaaaaaaaaaabcbbbbcbbbbbabcbbbbcbcaabbbbcaabbbbbbcaabbbbc
aaaaaaaaaaaaaaabcbbbbcbbbbabbcbbbbcbcaabbbbcaabbbbbbcaabbbbc
aaaaaaaaaaaaaaabcbbbbcbbbabbbcbbbbcbcaabbbbcaabbbbbbcaabbbbc
aaaaaaaaaaaaaaabcbbbbcbbabbbbcbbbbcbcaabbbbcaabbbbbbcaabbbbc
aaaaaaaaaaaaaaabcbbbbcbabbbbbcbbbbcbcaabbbbcaabbbbbbcaabbbbc
aaaaaaaaaaaaaaabcbbbbcabbbbbbcbbbbcbcaabbbbcaabbbbbbcaabbbbc
aaaaaaaaaaaaaaabcbbbbacbbbbbbcbbbbcbcaabbbbcaabbbbbbcaabbbbc
aaaaaaaaaaaaaaabcbbbabcbbbbbbcbbbbcbcaabbbbcaabbbbbbcaabbbbc
aaaaaaaaaaaaaaabcbbabbcbbbbbbcbbbbcbcaabbbbcaabbbbbbcaabbbbc
aaaaaaaaaaaaaaabcbabbbcbbbbbbcbbbbcbcaabbbbcaabbbbbbcaabbbbc
aaaaaaaaaaaaaaabcabbbbcbbbbbbcbbbbcbcaabbbbcaabbbbbbcaabbbbc
aaaaaaaaaaaaaaabacbbbbcbbbbbbcbbbbcbcaabbbbcaabbbbbbcaabbbbc
aaaaaaaaaaaaaaaabcbbbbcbbbbbbcbbbbcbcaabbbbcaabbbbbbcaabbbbc
aaaaaaaaaaaaaaaabcbbbbcbbbbbbcbbbbcbacabbbbcaabbbbbbcaabbbbc
aaaaaaaaaaaaaaaabcbbbbcbbbbbbcbbbbcabcabbbbcaabbbbbbcaabbbbc
aaaaaaaaaaaaaaaabcbbbbcbbbbbbcbbbbacbcabbbbcaabbbbbbcaabbbbc
aaaaaaaaaaaaaaaabcbbbbcbbbbbbcbbbabcbcabbbbcaabbbbbbcaabbbbc
aaaaaaaaaaaaaaaabcbbbbcbbbbbbcbbabbcbcabbbbcaabbbbbbcaabbbbc
aaaaaaaaaaaaaaaabcbbbbcbbbbbbcbabbbcbcabbbbcaabbbbbbcaabbbbc
aaaaaaaaaaaaaaaabcbbbbcbbbbbbcabbbbcbcabbbbcaabbbbbbcaabbbbc
aaaaaaaaaaaaaaaabcbbbbcbbbbbbacbbbbcbcabbbbcaabbbbbbcaabbbbc
aaaaaaaaaaaaaaaabcbbbbcbbbbbabcbbbbcbcabbbbcaabbbbbbcaabbbbc
aaaaaaaaaaaaaaaabcbbbbcbbbbabbcbbbbcbcabbbbcaabbbbbbcaabbbbc
aaaaaaaaaaaaaaaabcbbbbcbbbabbbcbbbbcbcabbbbcaabbbbbbcaabbbbc
aaaaaaaaaaaaaaaabcbbbbcbbabbbbcbbbbcbcabbbbcaabbbbbbcaabbbbc
aaaaaaaaaaaaaaaabcbbbbcbabbbbbcbbbbcbcabbbbcaabbbbbbcaabbbbc
aaaaaaaaaaaaaaaabcbbbbcabbbbbbcbbbbcbcabbbbcaabbbbbbcaabbbbc
aaaaaaaaaaaaaaaabcbbbbacbbbbbbcbbbbcbcabbbbcaabbbbbbcaabbbbc
aaaaaaaaaaaaaaaabcbbbabcbbbbbbcbbbbcbcabbbbcaabbbbbbcaabbbbc
aaaaaaaaaaaaaaaabcbbabbcbbbbbbcbbbbcbcabbbbcaabbbbbbcaabbbbc
aaaaaaaaaaaaaaaabcbabbbcbbbbbbcbbbbcbcabbbbcaabbbbbbcaabbbbc
aaaaaaaaaaaaaaaabcabbbbcbbbbbbcbbbbcbcabbbbcaabbbbbbcaabbbbc
aaaaaaaaaaaaaaaabacbbbbcbbbbbbcbbbbcbcabbbbcaabbbbbbcaabbbbc
aaaaaaaaaaaaaaaaabcbbbbcbbbbbbcbbbbcbcabbbbcaabbbbbbcaabbbbc
aaaaaaaaaaaaaaaaabcbbbbcbbbbbbcbbbbcbacbbbbcaabbbbbbcaabbbbc
aaaaaaaaaaaaaaaaabcbbbbcbbbbbbcbbbbcabcbbbbcaabbbbbbcaabbbbc
aaaaaaaaaaaaaaaaabcbbbbcbbbbbbcbbbbacbcbbbbcaabbbbbbcaabbbbc
aaaaaaaaaaaaaaaaabcbbbbcbbbbbbcbbbabcbcbbbbcaabbbbbbcaabbbbc
aaaaaaaaaaaaaaaaabcbbbbcbbbbbbcbbabbcbcbbbbcaabbbbbbcaabbbbc
aaaaaaaaaaaaaaaaabcbbbbcbbbbbbcbabbbcbcbbbbcaabbbbbbcaabbbbc
aaaaaaaaaaaaaaaaabcbbbbcbbbbbbcabbbbcbcbbbbcaabbbbbbcaabbbbc
aaaaaaaaaaaaaaaaabcbbbbcbbbbbbacbbbbcbcbbbbcaabbbbbbcaabbbbc
aaaaaaaaaaaaaaaaabcbbbbcbbbbbabcbbbbcbcbbbbcaabbbbbbcaabbbbc
aaaaaaaaaaaaaaaaabcbbbbcbbbbabbcbbbbcbcbbbbcaabbbbbbcaabbbbc
aaaaaaaaaaaaaaaaabcbbbbcbbbabbbcbbbbcbcbbbbcaabbbbbbcaabbbbc
aaaaaaaaaaaaaaaaabcbbbbcbbabbbbcbbbbcbcbbbbcaabbbbbbcaabbbbc
aaaaaaaaaaaaaaaaabcbbbbcbabbbbbcbbbbcbcbbbbcaabbbbbbcaabbbbc
aaaaaaaaaaaaaaaaabcbbbbcabbbbbbcbbbbcbcbbbbcaabbbbbbcaabbbbc
aaaaaaaaaaaaaaaaabcbbbbacbbbbbbcbbbbcbcbbbbcaabbbbbbcaabbbbc
aaaaaaaaaaaaaaaaabcbbbabcbbbbbbcbbbbcbcbbbbcaabbbbbbcaabbbbc
aaaaaaaaaaaaaaaaabcbbabbcbbbbbbcbbbbcbcbbbbcaabbbbbbcaabbbbc
aaaaaaaaaaaaaaaaabcbabbbcbbbbbbcbbbbcbcbbbbcaabbbbbbcaabbbbc
aaaaaaaaaaaaaaaaabcabbbbcbbbbbbcbbbbcbcbbbbcaabbbbbbcaabbbbc
aaaaaaaaaaaaaaaaabacbbbbcbbbbbbcbbbbcbcbbbbcaabbbbbbcaabbbbc
aaaaaaaaaaaaaaaaaabcbbbbcbbbbbbcbbbbcbcbbbbcaabbbbbbcaabbbbc
aaaaaaaaaaaaaaaaaabcbbbbcbbbbbbcbbbbcbcbbbbacabbbbbbcaabbbbc
aaaaaaaaaaaaaaaaaabcbbbbcbbbbbbcbbbbcbcbbbabcabbbbbbcaabbbbc
aaaaaaaaaaaaaaaaaabcbbbbcbbbbbbcbbbbcbcbbabbcabbbbbbcaabbbbc
aaaaaaaaaaaaaaaaaabcbbbbcbbbbbbcbbbbcbcbabbbcabbbbbbcaabbbbc
aaaaaaaaaaaaaaaaaabcbbbbcbbbbbbcbbbbcbcabbbbcabbbbbbcaabbbbc
aaaaaaaaaaaaaaaaaabcbbbbcbbbbbbcbbbbcbacbbbbcabbbbbbcaabbbbc
aaaaaaaaaaaaaaaaaabcbbbbcbbbbbbcbbbbcabcbbbbcabbbbbbcaabbbbc
aaaaaaaaaaaaaaaaaabcbbbbcbbbbbbcbbbbacbcbbbbcabbbbbbcaabbbbc
aaaaaaaaaaaaaaaaaabcbbbbcbbbbbbcbbbabcbcbbbbcabbbbbbcaabbbbc
aaaaaaaaaaaaaaaaaabcbbbbcbbbbbbcbbabbcbcbbbbcabbbbbbcaabbbbc
aaaaaaaaaaaaaaaaaabcbbbbcbbbbbbcbabbbcbcbbbbcabbbbbbcaabbbbc
aaaaaaaaaaaaaaaaaabcbbbbcbbbbbbcabbbbcbcbbbbcabbbbbbcaabbbbc
aaaaaaaaaaaaaaaaaabcbbbbcbbbbbbacbbbbcbcbbbbcabbbbbbcaabbbbc
aaaaaaaaaaaaaaaaaabcbbbbcbbbbbabcbbbbcbcbbbbcabbbbbbcaabbbbc
aaaaaaaaaaaaaaaaaabcbbbbcbbbbabbcbbbbcbcbbbbcabbbbbbcaabbbbc
aaaaaaaaaaaaaaaaaabcbbbbcbbbabbbcbbbbcbcbbbbcabbbbbbcaabbbbc
aaaaaaaaaaaaaaaaaabcbbbbcbbabbbbcbbbbcbcbbbbcabbbbbbcaabbbbc
aaaaaaaaaaaaaaaaaabcbbbbcbabbbbbcbbbbcbcbbbbcabbbbbbcaabbbbc
aaaaaaaaaaaaaaaaaabcbbbbcabbbbbbcbbbbcbcbbbbcabbbbbbcaabbbbc
aaaaaaaaaaaaaaaaaabcbbbbacbbbbbbcbbbbcbcbbbbcabbbbbbcaabbbbc
aaaaaaaaaaaaaaaaaabcbbbabcbbbbbbcbbbbcbcbbbbcabbbbbbcaabbbbc
aaaaaaaaaaaaaaaaaabcbbabbcbbbbbbcbbbbcbcbbbbcabbbbbbcaabbbbc
aaaaaaaaaaaaaaaaaabcbabbbcbbbbbbcbbbbcbcbbbbcabbbbbbcaabbbbc
aaaaaaaaaaaaaaaaaabcabbbbcbbbbbbcbbbbcbcbbbbcabbbbbbcaabbbbc
aaaaaaaaaaaaaaaaaabacbbbbcbbbbbbcbbbbcbcbbbbcabbbbbbcaabbbbc
aaaaaaaaaaaaaaaaaaabcbbbbcbbbbbbcbbbbcbcbbbbcabbbbbbcaabbbbc
aaaaaaaaaaaaaaaaaaabcbbbbcbbbbbbcbbbbcbcbbbbacbbbbbbcaabbbbc
aaaaaaaaaaaaaaaaaaabcbbbbcbbbbbbcbbbbcbcbbbabcbbbbbbcaabbbbc
aaaaaaaaaaaaaaaaaaabcbbbbcbbbbbbcbbbbcbcbbabbcbbbbbbcaabbbbc
aaaaaaaaaaaaaaaaaaabcbbbbcbbbbbbcbbbbcbcbabbbcbbbbbbcaabbbbc
aaaaaaaaaaaaaaaaaaabcbbbbcbbbbbbcbbbbcbcabbbbcbbbbbbcaabbbbc
aaaaaaaaaaaaaaaaaaabcbbbbcbbbbbbcbbbbcbacbbbbcbbbbbbcaabbbbc
aaaaaaaaaaaaaaaaaaabcbbbbcbbbbbbcbbbbcabcbbbbcbbbbbbcaabbbbc
aaaaaaaaaaaaaaaaaaabcbbbbcbbbbbbcbbbbacbcbbbbcbbbbbbcaabbbbc
aaaaaaaaaaaaaaaaaaabcbbbbcbbbbbbcbbbabcbcbbbbcbbbbbbcaabbbbc
aaaaaaaaaaaaaaaaaaabcbbbbcbbbbbbcbbabbcbcbbbbcbbbbbbcaabbbbc
aaaaaaaaaaaaaaaaaaabcbbbbcbbbbbbcbabbbcbcbbbbcbbbbbbcaabbbbc
aaaaaaaaaaaaaaaaaaabcbbbbcbbbbbbcabbbbcbcbbbbcbbbbbbcaabbbbc
aaaaaaaaaaaaaaaaaaabcbbbbcbbbbbbacbbbbcbcbbbbcbbbbbbcaabbbbc
aaaaaaaaaaaaaaaaaaabcbbbbcbbbbbabcbbbbcbcbbbbcbbbbbbcaabbbbc
aaaaaaaaaaaaaaaaaaabcbbbbcbbbbabbcbbbbcbcbbbbcbbbbbbcaabbbbc
aaaaaaaaaaaaaaaaaaabcbbbbcbbbabbbcbbbbcbcbbbbcbbbbbbcaabbbbc
aaaaaaaaaaaaaaaaaaabcbbbbcbbabbbbcbbbbcbcbbbbcbbbbbbcaabbbbc
aaaaaaaaaaaaaaaaaaabcbbbbcbabbbbbcbbbbcbcbbbbcbbbbbbcaabbbbc
aaaaaaaaaaaaaaaaaaabcbbbbcabbbbbbcbbbbcbcbbbbcbbbbbbcaabbbbc
aaaaaaaaaaaaaaaaaaabcbbbbacbbbbbbcbbbbcbcbbbbcbbbbbbcaabbbbc
aaaaaaaaaaaaaaaaaaabcbbbabcbbbbbbcbbbbcbcbbbbcbbbbbbcaabbbbc
aaaaaaaaaaaaaaaaaaabcbbabbcbbbbbbcbbbbcbcbbbbcbbbbbbcaabbbbc
aaaaaaaaaaaaaaaaaaabcbabbbcbbbbbbcbbbbcbcbbbbcbbbbbbcaabbbbc
aaaaaaaaaaaaaaaaaaabcabbbbcbbbbbbcbbbbcbcbbbbcbbbbbbcaabbbbc
aaaaaaaaaaaaaaaaaaabacbbbbcbbbbbbcbbbbcbcbbbbcbbbbbbcaabbbbc
aaaaaaaaaaaaaaaaaaaabcbbbbcbbbbbbcbbbbcbcbbbbcbbbbbbcaabbbbc
aaaaaaaaaaaaaaaaaaaabcbbbbcbbbbbbcbbbbcbcbbbbcbbbbbbacabbbbc
aaaaaaaaaaaaaaaaaaaabcbbbbcbbbbbbcbbbbcbcbbbbcbbbbbabcabbbbc
aaaaaaaaaaaaaaaaaaaabcbbbbcbbbbbbcbbbbcbcbbbbcbbbbabbcabbbbc
aaaaaaaaaaaaaaaaaaaabcbbbbcbbbbbbcbbbbcbcbbbbcbbbabbbcabbbbc
aaaaaaaaaaaaaaaaaaaabcbbbbcbbbbbbcbbbbcbcbbbbcbbabbbbcabbbbc
aaaaaaaaaaaaaaaaaaaabcbbbbcbbbbbbcbbbbcbcbbbbcbabbbbbcabbbbc
aaaaaaaaaaaaaaaaaaaabcbbbbcbbbbbbcbbbbcbcbbbbcabbbbbbcabbbbc
aaaaaaaaaaaaaaaaaaaabcbbbbcbbbbbbcbbbbcbcbbbbacbbbbbbcabbbbc
aaaaaaaaaaaaaaaaaaaabcbbbbcbbbbbbcbbbbcbcbbbabcbbbbbbcabbbbc
aaaaaaaaaaaaaaaaaaaabcbbbbcbbbbbbcbbbbcbcbbabbcbbbbbbcabbbbc
aaaaaaaaaaaaaaaaaaaabcbbbbcbbbbbbcbbbbcbcbabbbcbbbbbbcabbbbc
aaaaaaaaaaaaaaaaaaaabcbbbbcbbbbbbcbbbbcbcabbbbcbbbbbbcabbbbc
aaaaaaaaaaaaaaaaaaaabcbbbbcbbbbbbcbbbbcbacbbbbcbbbbbbcabbbbc
aaaaaaaaaaaaaaaaaaaabcbbbbcbbbbbbcbbbbcabcbbbbcbbbbbbcabbbbc
aaaaaaaaaaaaaaaaaaaabcbbbbcbbbbbbcbbbbacbcbbbbcbbbbbbcabbbbc
aaaaaaaaaaaaaaaaaaaabcbbbbcbbbbbbcbbbabcbcbbbbcbbbbbbcabbbbc
aaaaaaaaaaaaaaaaaaaabcbbbbcbbbbbbcbbabbcbcbbbbcbbbbbbcabbbbc
aaaaaaaaaaaaaaaaaaaabcbbbbcbbbbbbcbabbbcbcbbbbcbbbbbbcabbbbc
aaaaaaaaaaaaaaaaaaaabcbbbbcbbbbbbcabbbbcbcbbbbcbbbbbbcabbbbc
aaaaaaaaaaaaaaaaaaaabcbbbbcbbbbbbacbbbbcbcbbbbcbbbbbbcabbbbc
aaaaaaaaaaaaaaaaaaaabcbbbbcbbbbbabcbbbbcbcbbbbcbbbbbbcabbbbc
aaaaaaaaaaaaaaaaaaaabcbbbbcbbbbabbcbbbbcbcbbbbcbbbbbbcabbbbc
aaaaaaaaaaaaaaaaaaaabcbbbbcbbbabbbcbbbbcbcbbbbcbbbbbbcabbbbc
aaaaaaaaaaaaaaaaaaaabcbbbbcbbabbbbcbbbbcbcbbbbcbbbbbbcabbbbc
aaaaaaaaaaaaaaaaaaaabcbbbbcbabbbbbcbbbbcbcbbbbcbbbbbbcabbbbc
aaaaaaaaaaaaaaaaaaaabcbbbbcabbbbbbcbbbbcbcbbbbcbbbbbbcabbbbc
aaaaaaaaaaaaaaaaaaaabcbbbbacbbbbbbcbbbbcbcbbbbcbbbbbbcabbbbc
aaaaaaaaaaaaaaaaaaaabcbbbabcbbbbbbcbbbbcbcbbbbcbbbbbbcabbbbc
aaaaaaaaaaaaaaaaaaaabcbbabbcbbbbbbcbbbbcbcbbbbcbbbbbbcabbbbc
aaaaaaaaaaaaaaaaaaaabcbabbbcbbbbbbcbbbbcbcbbbbcbbbbbbcabbbbc
aaaaaaaaaaaaaaaaaaaabcabbbbcbbbbbbcbbbbcbcbbbbcbbbbbbcabbbbc
aaaaaaaaaaaaaaaaaaaabacbbbbcbbbbbbcbbbbcbcbbbbcbbbbbbcabbbbc
aaaaaaaaaaaaaaaaaaaaabcbbbbcbbbbbbcbbbbcbcbbbbcbbbbbbcabbbbc
aaaaaaaaaaaaaaaaaaaaabcbbbbcbbbbbbcbbbbcbcbbbbcbbbbbbacbbbbc
aaaaaaaaaaaaaaaaaaaaabcbbbbcbbbbbbcbbbbcbcbbbbcbbbbbabcbbbbc
aaaaaaaaaaaaaaaaaaaaabcbbbbcbbbbbbcbbbbcbcbbbbcbbbbabbcbbbbc
aaaaaaaaaaaaaaaaaaaaabcbbbbcbbbbbbcbbbbcbcbbbbcbbbabbbcbbbbc
aaaaaaaaaaaaaaaaaaaaabcbbbbcbbbbbbcbbbbcbcbbbbcbbabbbbcbbbbc
aaaaaaaaaaaaaaaaaaaaabcbbbbcbbbbbbcbbbbcbcbbbbcbabbbbbcbbbbc
aaaaaaaaaaaaaaaaaaaaabcbbbbcbbbbbbcbbbbcbcbbbbcabbbbbbcbbbbc
aaaaaaaaaaaaaaaaaaaaabcbbbbcbbbbbbcbbbbcbcbbbbacbbbbbbcbbbbc
aaaaaaaaaaaaaaaaaaaaabcbbbbcbbbbbbcbbbbcbcbbbabcbbbbbbcbbbbc
aaaaaaaaaaaaaaaaaaaaabcbbbbcbbbbbbcbbbbcbcbbabbcbbbbbbcbbbbc
aaaaaaaaaaaaaaaaaaaaabcbbbbcbbbbbbcbbbbcbcbabbbcbbbbbbcbbbbc
aaaaaaaaaaaaaaaaaaaaabcbbbbcbbbbbbcbbbbcbcabbbbcbbbbbbcbbbbc
aaaaaaaaaaaaaaaaaaaaabcbbbbcbbbbbbcbbbbcbacbbbbcbbbbbbcbbbbc
aaaaaaaaaaaaaaaaaaaaabcbbbbcbbbbbbcbbbbcabcbbbbcbbbbbbcbbbbc
aaaaaaaaaaaaaaaaaaaaabcbbbbcbbbbbbcbbbbacbcbbbbcbbbbbbcbbbbc
aaaaaaaaaaaaaaaaaaaaabcbbbbcbbbbbbcbbbabcbcbbbbcbbbbbbcbbbbc
aaaaaaaaaaaaaaaaaaaaabcbbbbcbbbbbbcbbabbcbcbbbbcbbbbbbcbbbbc
aaaaaaaaaaaaaaaaaaaaabcbbbbcbbbbbbcbabbbcbcbbbbcbbbbbbcbbbbc
aaaaaaaaaaaaaaaaaaaaabcbbbbcbbbbbbcabbbbcbcbbbbcbbbbbbcbbbbc
aaaaaaaaaaaaaaaaaaaaabcbbbbcbbbbbbacbbbbcbcbbbbcbbbbbbcbbbbc
aaaaaaaaaaaaaaaaaaaaabcbbbbcbbbbbabcbbbbcbcbbbbcbbbbbbcbbbbc
aaaaaaaaaaaaaaaaaaaaabcbbbbcbbbbabbcbbbbcbcbbbbcbbbbbbcbbbbc
aaaaaaaaaaaaaaaaaaaaabcbbbbcbbbabbbcbbbbcbcbbbbcbbbbbbcbbbbc
aaaaaaaaaaaaaaaaaaaaabcbbbbcbbabbbbcbbbbcbcbbbbcbbbbbbcbbbbc
aaaaaaaaaaaaaaaaaaaaabcbbbbcbabbbbbcbbbbcbcbbbbcbbbbbbcbbbbc
aaaaaaaaaaaaaaaaaaaaabcbbbbcabbbbbbcbbbbcbcbbbbcbbbbbbcbbbbc
aaaaaaaaaaaaaaaaaaaaabcbbbbacbbbbbbcbbbbcbcbbbbcbbbbbbcbbbbc
aaaaaaaaaaaaaaaaaaaaabcbbbabcbbbbbbcbbbbcbcbbbbcbbbbbbcbbbbc
aaaaaaaaaaaaaaaaaaaaabcbbabbcbbbbbbcbbbbcbcbbbbcbbbbbbcbbbbc
aaaaaaaaaaaaaaaaaaaaabcbabbbcbbbbbbcbbbbcbcbbbbcbbbbbbcbbbbc
aaaaaaaaaaaaaaaaaaaaabcabbbbcbbbbbbcbbbbcbcbbbbcbbbbbbcbbbbc
aaaaaaaaaaaaaaaaaaaaabacbbbbcbbbbbbcbbbbcbcbbbbcbbbbbbcbbbbc
aaaaaaaaaaaaaaaaaaaaaabcbbbbcbbbbbbcbbbbcbcbbbbcbbbbbbcbbbbc
aaaaaaaaaaaaaaaaaaaaaabbcbbbcbbbbbbcbbbbcbcbbbbcbbbbbbcbbbbc
aaaaaaaaaaaaaaaaaaaaaabbbcbbcbbbbbbcbbbbcbcbbbbcbbbbbbcbbbbc
aaaaaaaaaaaaaaaaaaaaaabbbbcbcbbbbbbcbbbbcbcbbbbcbbbbbbcbbbbc
aaaaaaaaaaaaaaaaaaaaaabbbbbccbbbbbbcbbbbcbcbbbbcbbbbbbcbbbbc
aaaaaaaaaaaaaaaaaaaaaabbbbbcbcbbbbbcbbbbcbcbbbbcbbbbbbcbbbbc
aaaaaaaaaaaaaaaaaaaaaabbbbbbccbbbbbcbbbbcbcbbbbcbbbbbbcbbbbc
aaaaaaaaaaaaaaaaaaaaaabbbbbbcbcbbbbcbbbbcbcbbbbcbbbbbbcbbbbc
aaaaaaaaaaaaaaaaaaaaaabbbbbbbccbbbbcbbbbcbcbbbbcbbbbbbcbbbbc
aaaaaaaaaaaaaaaaaaaaaabbbbbbbcbcbbbcbbbbcbcbbbbcbbbbbbcbbbbc
aaaaaaaaaaaaaaaaaaaaaabbbbbbbbccbbbcbbbbcbcbbbbcbbbbbbcbbbbc
aaaaaaaaaaaaaaaaaaaaaabbbbbbbbcbcbbcbbbbcbcbbbbcbbbbbbcbbbbc
aaaaaaaaaaaaaaaaaaaaaabbbbbbbbbccbbcbbbbcbcbbbbcbbbbbbcbbbbc
aaaaaaaaaaaaaaaaaaaaaabbbbbbbbbcbcbcbbbbcbcbbbbcbbbbbbcbbbbc
aaaaaaaaaaaaaaaaaaaaaabbbbbbbbbbccbcbbbbcbcbbbbcbbbbbbcbbbbc
aaaaaaaaaaaaaaaaaaaaaabbbbbbbbbbcbccbbbbcbcbbbbcbbbbbbcbbbbc
aaaaaaaaaaaaaaaaaaaaaabbbbbbbbbbbcccbbbbcbcbbbbcbbbbbbcbbbbc
aaaaaaaaaaaaaaaaaaaaaabbbbbbbbbbbccbcbbbcbcbbbbcbbbbbbcbbbbc
aaaaaaaaaaaaaaaaaaaaaabbbbbbbbbbbcbccbbbcbcbbbbcbbbbbbcbbbbc
aaaaaaaaaaaaaaaaaaaaaabbbbbbbbbbbbcccbbbcbcbbbbcbbbbbbcbbbbc
aaaaaaaaaaaaaaaaaaaaaabbbbbbbbbbbbccbcbbcbcbbbbcbbbbbbcbbbbc
aaaaaaaaaaaaaaaaaaaaaabbbbbbbbbbbbcbccbbcbcbbbbcbbbbbbcbbbbc
aaaaaaaaaaaaaaaaaaaaaabbbbbbbbbbbbbcccbbcbcbbbbcbbbbbbcbbbbc
aaaaaaaaaaaaaaaaaaaaaabbbbbbbbbbbbbccbcbcbcbbbbcbbbbbbcbbbbc
aaaaaaaaaaaaaaaaaaaaaabbbbbbbbbbbbbcbccbcbcbbbbcbbbbbbcbbbbc
aaaaaaaaaaaaaaaaaaaaaabbbbbbbbbbbbbbcccbcbcbbbbcbbbbbbcbbbbc
aaaaaaaaaaaaaaaaaaaaaabbbbbbbbbbbbbbccbccbcbbbbcbbbbbbcbbbbc
aaaaaaaaaaaaaaaaaaaaaabbbbbbbbbbbbbbcbcccbcbbbbcbbbbbbcbbbbc
aaaaaaaaaaaaaaaaaaaaaabbbbbbbbbbbbbbbccccbcbbbbcbbbbbbcbbbbc
aaaaaaaaaaaaaaaaaaaaaabbbbbbbbbbbbbbbcccbccbbbbcbbbbbbcbbbbc
aaaaaaaaaaaaaaaaaaaaaabbbbbbbbbbbbbbbccbcccbbbbcbbbbbbcbbbbc
aaaaaaaaaaaaaaaaaaaaaabbbbbbbbbbbbbbbcbccccbbbbcbbbbbbcbbbbc
aaaaaaaaaaaaaaaaaaaaaabbbbbbbbbbbbbbbbcccccbbbbcbbbbbbcbbbbc
aaaaaaaaaaaaaaaaaaaaaabbbbbbbbbbbbbbbbccccbcbbbcbbbbbbcbbbbc
aaaaaaaaaaaaaaaaaaaaaabbbbbbbbbbbbbbbbcccbccbbbcbbbbbbcbbbbc
aaaaaaaaaaaaaaaaaaaaaabbbbbbbbbbbbbbbbccbcccbbbcbbbbbbcbbbbc
aaaaaaaaaaaaaaaaaaaaaabbbbbbbbbbbbbbbbcbccccbbbcbbbbbbcbbbbc
aaaaaaaaaaaaaaaaaaaaaabbbbbbbbbbbbbbbbbcccccbbbcbbbbbbcbbbbc
aaaaaaaaaaaaaaaaaaaaaabbbbbbbbbbbbbbbbbccccbcbbcbbbbbbcbbbbc
aaaaaaaaaaaaaaaaaaaaaabbbbbbbbbbbbbbbbbcccbccbbcbbbbbbcbbbbc
aaaaaaaaaaaaaaaaaaaaaabbbbbbbbbbbbbbbbbccbcccbbcbbbbbbcbbbbc
aaaaaaaaaaaaaaaaaaaaaabbbbbbbbbbbbbbbbbcbccccbbcbbbbbbcbbbbc
aaaaaaaaaaaaaaaaaaaaaabbbbbbbbbbbbbbbbbbcccccbbcbbbbbbcbbbbc
aaaaaaaaaaaaaaaaaaaaaabbbbbbbbbbbbbbbbbbccccbcbcbbbbbbcbbbbc
aaaaaaaaaaaaaaaaaaaaaabbbbbbbbbbbbbbbbbbcccbccbcbbbbbbcbbbbc
aaaaaaaaaaaaaaaaaaaaaabbbbbbbbbbbbbbbbbbccbcccbcbbbbbbcbbbbc
aaaaaaaaaaaaaaaaaaaaaabbbbbbbbbbbbbbbbbbcbccccbcbbbbbbcbbbbc
aaaaaaaaaaaaaaaaaaaaaabbbbbbbbbbbbbbbbbbbcccccbcbbbbbbcbbbbc
aaaaaaaaaaaaaaaaaaaaaabbbbbbbbbbbbbbbbbbbccccbccbbbbbbcbbbbc
aaaaaaaaaaaaaaaaaaaaaabbbbbbbbbbbbbbbbbbbcccbcccbbbbbbcbbbbc
aaaaaaaaaaaaaaaaaaaaaabbbbbbbbbbbbbbbbbbbccbccccbbbbbbcbbbbc
aaaaaaaaaaaaaaaaaaaaaabbbbbbbbbbbbbbbbbbbcbcccccbbbbbbcbbbbc
aaaaaaaaaaaaaaaaaaaaaabbbbbbbbbbbbbbbbbbbbccccccbbbbbbcbbbbc
aaaaaaaaaaaaaaaaaaaaaabbbbbbbbbbbbbbbbbbbbcccccbcbbbbbcbbbbc
aaaaaaaaaaaaaaaaaaaaaabbbbbbbbbbbbbbbbbbbbccccbccbbbbbcbbbbc
aaaaaaaaaaaaaaaaaaaaaabbbbbbbbbbbbbbbbbbbbcccbcccbbbbbcbbbbc
aaaaaaaaaaaaaaaaaaaaaabbbbbbbbbbbbbbbbbbbbccbccccbbbbbcbbbbc
aaaaaaaaaaaaaaaaaaaaaabbbbbbbbbbbbbbbbbbbbcbcccccbbbbbcbbbbc
aaaaaaaaaaaaaaaaaaaaaabbbbbbbbbbbbbbbbbbbbbccccccbbbbbcbbbbc
aaaaaaaaaaaaaaaaaaaaaabbbbbbbbbbbbbbbbbbbbbcccccbcbbbbcbbbbc
aaaaaaaaaaaaaaaaaaaaaabbbbbbbbbbbbbbbbbbbbbccccbccbbbbcbbbbc
aaaaaaaaaaaaaaaaaaaaaabbbbbbbbbbbbbbbbbbbbbcccbcccbbbbcbbbbc
aaaaaaaaaaaaaaaaaaaaaabbbbbbbbbbbbbbbbbbbbbccbccccbbbbcbbbbc
aaaaaaaaaaaaaaaaaaaaaabbbbbbbbbbbbbbbbbbbbbcbcccccbbbbcbbbbc
aaaaaaaaaaaaaaaaaaaaaabbbbbbbbbbbbbbbbbbbbbbccccccbbbbcbbbbc
aaaaaaaaaaaaaaaaaaaaaabbbbbbbbbbbbbbbbbbbbbbcccccbcbbbcbbbbc
aaaaaaaaaaaaaaaaaaaaaabbbbbbbbbbbbbbbbbbbbbbccccbccbbbcbbbbc
aaaaaaaaaaaaaaaaaaaaaabbbbbbbbbbbbbbbbbbbbbbcccbcccbbbcbbbbc
aaaaaaaaaaaaaaaaaaaaaabbbbbbbbbbbbbbbbbbbbbbccbccccbbbcbbbbc
aaaaaaaaaaaaaaaaaaaaaabbbbbbbbbbbbbbbbbbbbbbcbcccccbbbcbbbbc
aaaaaaaaaaaaaaaaaaaaaabbbbbbbbbbbbbbbbbbbbbbbccccccbbbcbbbbc
aaaaaaaaaaaaaaaaaaaaaabbbbbbbbbbbbbbbbbbbbbbbcccccbcbbcbbbbc
aaaaaaaaaaaaaaaaaaaaaabbbbbbbbbbbbbbbbbbbbbbbccccbccbbcbbbbc
aaaaaaaaaaaaaaaaaaaaaabbbbbbbbbbbbbbbbbbbbbbbcccbcccbbcbbbbc
aaaaaaaaaaaaaaaaaaaaaabbbbbbbbbbbbbbbbbbbbbbbccbccccbbcbbbbc
aaaaaaaaaaaaaaaaaaaaaabbbbbbbbbbbbbbbbbbbbbbbcbcccccbbcbbbbc
aaaaaaaaaaaaaaaaaaaaaabbbbbbbbbbbbbbbbbbbbbbbbccccccbbcbbbbc
aaaaaaaaaaaaaaaaaaaaaabbbbbbbbbbbbbbbbbbbbbbbbcccccbcbcbbbbc
aaaaaaaaaaaaaaaaaaaaaabbbbbbbbbbbbbbbbbbbbbbbbccccbccbcbbbbc
aaaaaaaaaaaaaaaaaaaaaabbbbbbbbbbbbbbbbbbbbbbbbcccbcccbcbbbbc
aaaaaaaaaaaaaaaaaaaaaabbbbbbbbbbbbbbbbbbbbbbbbccbccccbcbbbbc
aaaaaaaaaaaaaaaaaaaaaabbbbbbbbbbbbbbbbbbbbbbbbcbcccccbcbbbbc
aaaaaaaaaaaaaaaaaaaaaabbbbbbbbbbbbbbbbbbbbbbbbbccccccbcbbbbc
aaaaaaaaaaaaaaaaaaaaaabbbbbbbbbbbbbbbbbbbbbbbbbcccccbccbbbbc
aaaaaaaaaaaaaaaaaaaaaabbbbbbbbbbbbbbbbbbbbbbbbbccccbcccbbbbc
aaaaaaaaaaaaaaaaaaaaaabbbbbbbbbbbbbbbbbbbbbbbbbcccbccccbbbbc
aaaaaaaaaaaaaaaaaaaaaabbbbbbbbbbbbbbbbbbbbbbbbbccbcccccbbbbc
aaaaaaaaaaaaaaaaaaaaaabbbbbbbbbbbbbbbbbbbbbbbbbcbccccccbbbbc
aaaaaaaaaaaaaaaaaaaaaabbbbbbbbbbbbbbbbbbbbbbbbbbcccccccbbbbc
aaaaaaaaaaaaaaaaaaaaaabbbbbbbbbbbbbbbbbbbbbbbbbbccccccbcbbbc
aaaaaaaaaaaaaaaaaaaaaabbbbbbbbbbbbbbbbbbbbbbbbbbcccccbccbbbc
aaaaaaaaaaaaaaaaaaaaaabbbbbbbbbbbbbbbbbbbbbbbbbbccccbcccbbbc
aaaaaaaaaaaaaaaaaaaaaabbbbbbbbbbbbbbbbbbbbbbbbbbcccbccccbbbc
aaaaaaaaaaaaaaaaaaaaaabbbbbbbbbbbbbbbbbbbbbbbbbbccbcccccbbbc
aaaaaaaaaaaaaaaaaaaaaabbbbbbbbbbbbbbbbbbbbbbbbbbcbccccccbbbc
aaaaaaaaaaaaaaaaaaaaaabbbbbbbbbbbbbbbbbbbbbbbbbbbcccccccbbbc
aaaaaaaaaaaaaaaaaaaaaabbbbbbbbbbbbbbbbbbbbbbbbbbbccccccbcbbc
aaaaaaaaaaaaaaaaaaaaaabbbbbbbbbbbbbbbbbbbbbbbbbbbcccccbccbbc
aaaaaaaaaaaaaaaaaaaaaabbbbbbbbbbbbbbbbbbbbbbbbbbbccccbcccbbc
aaaaaaaaaaaaaaaaaaaaaabbbbbbbbbbbbbbbbbbbbbbbbbbbcccbccccbbc
aaaaaaaaaaaaaaaaaaaaaabbbbbbbbbbbbbbbbbbbbbbbbbbbccbcccccbbc
aaaaaaaaaaaaaaaaaaaaaabbbbbbbbbbbbbbbbbbbbbbbbbbbcbccccccbbc
aaaaaaaaaaaaaaaaaaaaaabbbbbbbbbbbbbbbbbbbbbbbbbbbbcccccccbbc
aaaaaaaaaaaaaaaaaaaaaabbbbbbbbbbbbbbbbbbbbbbbbbbbbccccccbcbc
aaaaaaaaaaaaaaaaaaaaaabbbbbbbbbbbbbbbbbbbbbbbbbbbbcccccbccbc
aaaaaaaaaaaaaaaaaaaaaabbbbbbbbbbbbbbbbbbbbbbbbbbbbccccbcccbc
aaaaaaaaaaaaaaaaaaaaaabbbbbbbbbbbbbbbbbbbbbbbbbbbbcccbccccbc
aaaaaaaaaaaaaaaaaaaaaabbbbbbbbbbbbbbbbbbbbbbbbbbbbccbcccccbc
aaaaaaaaaaaaaaaaaaaaaabbbbbbbbbbbbbbbbbbbbbbbbbbbbcbccccccbc
aaaaaaaaaaaaaaaaaaaaaabbbbbbbbbbbbbbbbbbbbbbbbbbbbbcccccccbc
aaaaaaaaaaaaaaaaaaaaaabbbbbbbbbbbbbbbbbbbbbbbbbbbbbccccccbcc
aaaaaaaaaaaaaaaaaaaaaabbbbbbbbbbbbbbbbbbbbbbbbbbbbbcccccbccc
aaaaaaaaaaaaaaaaaaaaaabbbbbbbbbbbbbbbbbbbbbbbbbbbbbccccbcccc
aaaaaaaaaaaaaaaaaaaaaabbbbbbbbbbbbbbbbbbbbbbbbbbbbbcccbccccc
aaaaaaaaaaaaaaaaaaaaaabbbbbbbbbbbbbbbbbbbbbbbbbbbbbccbcccccc
aaaaaaaaaaaaaaaaaaaaaabbbbbbbbbbbbbbbbbbbbbbbbbbbbbcbccccccc
aaaaaaaaaaaaaaaaaaaaaabbbbbbbbbbbbbbbbbbbbbbbbbbbbbbcccccccc